{
  "RSpec": {
    "coverage": {
      "/home/ensign/Desktop/ParkingProject/Group8/app/models/user.rb": [
        1,
        null,
        null,
        1,
        null,
        null,
        1,
        null,
        1,
        null,
        1,
        0,
        null,
        null,
        1,
        0,
        null,
        null,
        null,
        1,
        null
      ],
      "/home/ensign/Desktop/ParkingProject/Group8/app/helpers/application_helper.rb": [
        1,
        null
      ],
      "/home/ensign/Desktop/ParkingProject/Group8/app/helpers/map_helper.rb": [
        1,
        null
      ],
      "/home/ensign/Desktop/ParkingProject/Group8/app/helpers/message_helper.rb": [
        1,
        null
      ],
      "/home/ensign/Desktop/ParkingProject/Group8/app/helpers/parkinglot_helper.rb": [
        1,
        null
      ],
      "/home/ensign/Desktop/ParkingProject/Group8/app/helpers/parkingspot_helper.rb": [
        1,
        null
      ],
      "/home/ensign/Desktop/ParkingProject/Group8/app/helpers/schedule_helper.rb": [
        1,
        null
      ],
      "/home/ensign/Desktop/ParkingProject/Group8/app/helpers/stats_helper.rb": [
        1,
        null
      ],
      "/home/ensign/Desktop/ParkingProject/Group8/app/helpers/users_helper.rb": [
        1,
        null
      ],
      "/home/ensign/Desktop/ParkingProject/Group8/app/models/parkingspot.rb": [
        1,
        1,
        1,
        null,
        1,
        1,
        null,
        null,
        null,
        null,
        1,
        null,
        null,
        null
      ],
      "/home/ensign/Desktop/ParkingProject/Group8/app/models/welcome.rb": [
        1,
        null
      ],
      "/home/ensign/Desktop/ParkingProject/Group8/app/controllers/user_controller.rb": [
        0,
        0,
        0,
        0,
        0,
        0,
        0,
        0,
        0,
        0,
        0,
        0,
        0
      ],
      "/home/ensign/Desktop/ParkingProject/Group8/app/controllers/application_controller.rb": [
        0,
        0,
        0,
        0,
        0,
        0,
        0,
        0,
        0,
        0,
        0,
        0,
        0,
        0,
        0
      ],
      "/home/ensign/Desktop/ParkingProject/Group8/app/controllers/message_controller.rb": [
        0,
        0,
        0,
        0,
        0,
        0,
        0,
        0,
        0,
        0,
        0,
        0,
        0,
        0,
        0,
        0,
        0,
        0,
        0,
        0,
        0,
        0,
        0,
        0,
        0,
        0,
        0,
        0,
        0,
        0,
        0,
        0,
        0,
        0,
        0,
        0,
        0,
        0,
        0,
        0,
        0,
        0,
        0,
        0,
        0,
        0
      ],
      "/home/ensign/Desktop/ParkingProject/Group8/app/controllers/parkingspot_controller.rb": [
        0,
        0,
        0,
        0,
        0,
        0,
        0,
        0,
        0,
        0,
        0,
        0,
        0,
        0,
        0,
        0,
        0,
        0,
        0,
        0,
        0,
        0,
        0,
        0,
        0,
        0,
        0,
        0,
        0,
        0,
        0,
        0,
        0,
        0,
        0,
        0,
        0,
        0,
        0,
        0,
        0,
        0,
        0,
        0,
        0,
        0,
        0,
        0,
        0,
        0,
        0,
        0,
        0,
        0,
        0,
        0,
        0,
        0,
        0,
        0,
        0,
        0,
        0,
        0,
        0,
        0
      ],
      "/home/ensign/Desktop/ParkingProject/Group8/app/controllers/schedule_controller.rb": [
        0,
        0,
        0,
        0,
        0,
        0
      ],
      "/home/ensign/Desktop/ParkingProject/Group8/app/controllers/stats_controller.rb": [
        0,
        0,
        0,
        0,
        0,
        0,
        0,
        0,
        0,
        0,
        0,
        0,
        0,
        0,
        0,
        0
      ],
      "/home/ensign/Desktop/ParkingProject/Group8/app/controllers/parkinglot_controller.rb": [
        0,
        0,
        0,
        0,
        0,
        0
      ],
      "/home/ensign/Desktop/ParkingProject/Group8/app/controllers/map_controller.rb": [
        0,
        0,
        0,
        0,
        0,
        0,
        0,
        0,
        0,
        0,
        0,
        0,
        0,
        0,
        0,
        0,
        0,
        0,
        0,
        0,
        0,
        0,
        0,
        0,
        0,
        0,
        0,
        0,
        0,
        0,
        0,
        0
      ],
      "/home/ensign/Desktop/ParkingProject/Group8/app/controllers/welcome_controller.rb": [
        0,
        0,
        0,
        0,
        0,
        0,
        0,
        0
      ],
      "/home/ensign/Desktop/ParkingProject/Group8/app/models/map.rb": [
        0,
        0
      ],
      "/home/ensign/Desktop/ParkingProject/Group8/app/models/stat.rb": [
        0,
        0
      ],
      "/home/ensign/Desktop/ParkingProject/Group8/app/models/parkinglot.rb": [
        0,
        0,
        0
      ],
      "/home/ensign/Desktop/ParkingProject/Group8/app/models/schedule.rb": [
        0,
        0,
        0,
        0
      ],
      "/home/ensign/Desktop/ParkingProject/Group8/app/models/message.rb": [
        0,
        0
      ]
    },
    "timestamp": 1479087540
  }
}
