{
  "RSpec": {
    "coverage": {
      "/home/ensign/Desktop/ParkingProject/Group8/spec/models/parking_spot_spec.rb": [
        1,
        1,
        1,
        null,
        1,
        null,
        2,
        2,
        null,
        null,
        null,
        1,
        null,
        null,
        null,
        1,
        3,
        2,
        null,
        2,
        1,
        1,
        null,
        null,
        1,
        1,
        null,
        null,
        null,
        null,
        1,
        null,
        null,
        1,
        1,
        2,
        null,
        2,
        2,
        1,
        1,
        null,
        null,
        null,
        null,
        null,
        1,
        1,
        2,
        1,
        null,
        2,
        2,
        1,
        1,
        null,
        null,
        null,
        null,
        null,
        null,
        null
      ],
      "/home/ensign/Desktop/ParkingProject/Group8/spec/rails_helper.rb": [
        null,
        1,
        1,
        1,
        null,
        1,
        null,
        1,
        1,
        1,
        null,
        null,
        null,
        null,
        null,
        null,
        null,
        null,
        null,
        null,
        null,
        null,
        null,
        null,
        null,
        null,
        null,
        null,
        null,
        1,
        null,
        1,
        null,
        1,
        null,
        null,
        null,
        null,
        1,
        null,
        null,
        null,
        null,
        null,
        null,
        null,
        null,
        null,
        null,
        null,
        null,
        null,
        null,
        1,
        null,
        null,
        1,
        null,
        null,
        null,
        null,
        1,
        1,
        1,
        1,
        null,
        null
      ],
      "/home/ensign/Desktop/ParkingProject/Group8/config/environment.rb": [
        null,
        1,
        null,
        null,
        1
      ],
      "/home/ensign/Desktop/ParkingProject/Group8/config/application.rb": [
        1,
        null,
        1,
        null,
        null,
        null,
        1,
        null,
        1,
        1,
        null,
        null,
        null,
        null,
        null,
        null,
        null,
        null,
        null,
        null,
        null,
        null,
        null,
        1,
        null,
        1,
        null,
        null
      ],
      "/home/ensign/Desktop/ParkingProject/Group8/config/boot.rb": [
        1,
        null,
        1
      ],
      "/home/ensign/Desktop/ParkingProject/Group8/config/environments/test.rb": [
        1,
        null,
        null,
        null,
        null,
        null,
        null,
        1,
        null,
        null,
        null,
        null,
        1,
        null,
        null,
        1,
        1,
        null,
        null,
        1,
        1,
        null,
        null,
        1,
        null,
        null,
        1,
        null,
        null,
        null,
        null,
        1,
        null,
        1,
        null,
        null,
        1,
        null,
        null,
        1,
        null,
        null,
        null,
        null
      ],
      "/home/ensign/Desktop/ParkingProject/Group8/config/initializers/assets.rb": [
        null,
        null,
        null,
        1,
        null,
        null,
        null,
        null,
        null,
        null,
        null,
        1
      ],
      "/home/ensign/Desktop/ParkingProject/Group8/config/initializers/backtrace_silencers.rb": [
        null,
        null,
        null,
        null,
        null,
        null,
        null
      ],
      "/home/ensign/Desktop/ParkingProject/Group8/config/initializers/cookies_serializer.rb": [
        null,
        null,
        1
      ],
      "/home/ensign/Desktop/ParkingProject/Group8/config/initializers/devise.rb": [
        null,
        null,
        1,
        null,
        null,
        null,
        null,
        null,
        null,
        null,
        null,
        null,
        null,
        null,
        1,
        null,
        null,
        null,
        null,
        null,
        null,
        null,
        null,
        null,
        null,
        null,
        1,
        null,
        null,
        null,
        null,
        null,
        null,
        null,
        null,
        null,
        null,
        null,
        null,
        null,
        null,
        null,
        null,
        null,
        null,
        null,
        null,
        null,
        1,
        null,
        null,
        null,
        null,
        1,
        null,
        null,
        null,
        null,
        null,
        null,
        null,
        null,
        null,
        null,
        null,
        null,
        null,
        null,
        null,
        null,
        null,
        null,
        null,
        null,
        null,
        null,
        null,
        null,
        null,
        null,
        null,
        null,
        null,
        null,
        1,
        null,
        null,
        null,
        null,
        null,
        null,
        null,
        null,
        null,
        null,
        null,
        null,
        null,
        null,
        null,
        null,
        null,
        null,
        null,
        null,
        null,
        null,
        1,
        null,
        null,
        null,
        null,
        null,
        null,
        null,
        null,
        null,
        null,
        null,
        null,
        null,
        null,
        null,
        null,
        null,
        null,
        null,
        null,
        null,
        null,
        null,
        null,
        null,
        null,
        null,
        1,
        null,
        null,
        null,
        null,
        null,
        null,
        null,
        null,
        null,
        1,
        null,
        null,
        null,
        null,
        null,
        null,
        null,
        null,
        null,
        null,
        1,
        null,
        null,
        null,
        null,
        1,
        null,
        null,
        null,
        null,
        null,
        null,
        null,
        null,
        null,
        null,
        null,
        null,
        null,
        null,
        null,
        null,
        null,
        null,
        null,
        null,
        null,
        null,
        null,
        null,
        null,
        null,
        null,
        null,
        null,
        null,
        null,
        null,
        null,
        null,
        null,
        null,
        null,
        null,
        null,
        null,
        1,
        null,
        null,
        null,
        null,
        null,
        null,
        null,
        null,
        null,
        null,
        null,
        null,
        null,
        null,
        null,
        null,
        null,
        null,
        null,
        null,
        null,
        null,
        null,
        null,
        null,
        null,
        null,
        null,
        null,
        null,
        null,
        null,
        null,
        null,
        null,
        null,
        null,
        null,
        null,
        null,
        null,
        1,
        null,
        null,
        null,
        null,
        null,
        null,
        null,
        null,
        null,
        null,
        null,
        null,
        null,
        null,
        null,
        null,
        null,
        null,
        null,
        null,
        null,
        null,
        null,
        null,
        null,
        null,
        null,
        null,
        null
      ],
      "/home/ensign/Desktop/ParkingProject/Group8/config/initializers/filter_parameter_logging.rb": [
        null,
        null,
        null,
        1
      ],
      "/home/ensign/Desktop/ParkingProject/Group8/config/initializers/inflections.rb": [
        null,
        null,
        null,
        null,
        null,
        null,
        null,
        null,
        null,
        null,
        null,
        null,
        null,
        null,
        null,
        null
      ],
      "/home/ensign/Desktop/ParkingProject/Group8/config/initializers/mailboxer.rb": [
        1,
        null,
        null,
        1,
        null,
        null,
        1,
        null,
        null,
        1,
        1,
        null,
        null,
        null,
        1,
        1,
        null,
        null,
        1,
        1,
        null
      ],
      "/home/ensign/Desktop/ParkingProject/Group8/config/initializers/mime_types.rb": [
        null,
        null,
        null,
        null
      ],
      "/home/ensign/Desktop/ParkingProject/Group8/config/initializers/session_store.rb": [
        null,
        null,
        1
      ],
      "/home/ensign/Desktop/ParkingProject/Group8/config/initializers/wrap_parameters.rb": [
        null,
        null,
        null,
        null,
        null,
        null,
        1,
        1,
        null,
        null,
        null,
        null,
        null,
        null
      ],
      "/home/ensign/Desktop/ParkingProject/Group8/spec/factories/parkingspots.rb": [
        1,
        1,
        1,
        1,
        1,
        1,
        1,
        null,
        1,
        1,
        1,
        null,
        null,
        null
      ],
      "/home/ensign/Desktop/ParkingProject/Group8/spec/factories/users.rb": [
        1,
        1,
        1,
        1,
        1,
        1,
        1,
        1,
        1,
        null,
        null
      ],
      "/home/ensign/Desktop/ParkingProject/Group8/spec/factories/welcomes.rb": [
        1,
        1,
        null,
        null,
        null
      ],
      "/home/ensign/Desktop/ParkingProject/Group8/config/routes.rb": [
        1,
        null,
        1,
        1,
        null,
        1,
        null,
        1,
        1,
        1,
        null,
        1,
        1,
        1,
        1,
        1,
        1,
        1,
        null,
        1,
        null,
        1,
        1,
        null,
        1,
        1,
        null,
        1,
        null,
        1,
        1,
        null,
        null,
        null,
        null,
        null,
        null,
        null,
        null,
        null,
        null,
        null,
        null,
        null,
        null,
        null,
        null,
        null,
        null,
        null,
        null,
        null,
        null,
        null,
        null,
        null,
        null,
        null,
        null,
        null,
        null,
        null,
        null,
        null,
        null,
        null,
        null,
        null,
        null,
        null,
        null,
        null,
        null,
        null,
        null,
        null,
        null,
        null,
        null,
        null,
        null,
        null,
        null,
        null,
        null,
        null,
        null
      ],
      "/home/ensign/Desktop/ParkingProject/Group8/app/models/user.rb": [
        null,
        1,
        null,
        null,
        1,
        null,
        null,
        1,
        null,
        1,
        0,
        null,
        null,
        1,
        0,
        0,
        null,
        null,
        1,
        null,
        1,
        1,
        1,
        null,
        null,
        null,
        null,
        null,
        1,
        1,
        null
      ],
      "/home/ensign/Desktop/ParkingProject/Group8/app/helpers/application_helper.rb": [
        null,
        1,
        null
      ],
      "/home/ensign/Desktop/ParkingProject/Group8/app/helpers/message_helper.rb": [
        null,
        1,
        null
      ],
      "/home/ensign/Desktop/ParkingProject/Group8/app/helpers/parkinglot_helper.rb": [
        null,
        1,
        null
      ],
      "/home/ensign/Desktop/ParkingProject/Group8/app/helpers/parkingspot_helper.rb": [
        null,
        1,
        null
      ],
      "/home/ensign/Desktop/ParkingProject/Group8/app/helpers/stats_helper.rb": [
        null,
        1,
        null
      ],
      "/home/ensign/Desktop/ParkingProject/Group8/app/helpers/users_helper.rb": [
        null,
        1,
        null
      ],
      "/home/ensign/Desktop/ParkingProject/Group8/app/models/parkingspot.rb": [
        null,
        1,
        1,
        1,
        null,
        1,
        1,
        null,
        null,
        null,
        null,
        1,
        null,
        null,
        null
      ],
      "/home/ensign/Desktop/ParkingProject/Group8/spec/models/user_spec.rb": [
        1,
        1,
        null,
        1,
        null,
        2,
        2,
        null,
        2,
        2,
        null,
        2,
        null,
        1,
        1,
        2,
        2,
        null,
        1,
        1,
        null,
        null,
        null,
        null,
        null,
        null,
        null
      ],
      "/home/ensign/Desktop/ParkingProject/Group8/spec/models/welcome_spec.rb": [
        1,
        null,
        1,
        1,
        null
      ],
      "/home/ensign/Desktop/ParkingProject/Group8/app/models/welcome.rb": [
        null,
        1,
        null
      ]
    },
    "timestamp": 1480540705
  },
  "Cucumber Features": {
    "coverage": {
      "/home/ensign/Desktop/ParkingProject/Group8/config/environment.rb": [
        null,
        1,
        null,
        null,
        1
      ],
      "/home/ensign/Desktop/ParkingProject/Group8/config/application.rb": [
        1,
        null,
        1,
        null,
        null,
        null,
        1,
        null,
        1,
        1,
        null,
        null,
        null,
        null,
        null,
        null,
        null,
        null,
        null,
        null,
        null,
        null,
        null,
        1,
        null,
        1,
        null,
        null
      ],
      "/home/ensign/Desktop/ParkingProject/Group8/config/boot.rb": [
        1,
        null,
        1
      ],
      "/home/ensign/Desktop/ParkingProject/Group8/config/environments/test.rb": [
        1,
        null,
        null,
        null,
        null,
        null,
        null,
        1,
        null,
        null,
        null,
        null,
        1,
        null,
        null,
        1,
        1,
        null,
        null,
        1,
        1,
        null,
        null,
        1,
        null,
        null,
        1,
        null,
        null,
        null,
        null,
        1,
        null,
        1,
        null,
        null,
        1,
        null,
        null,
        1,
        null,
        null,
        null,
        null
      ],
      "/home/ensign/Desktop/ParkingProject/Group8/config/initializers/assets.rb": [
        null,
        null,
        null,
        1,
        null,
        null,
        null,
        null,
        null,
        null,
        null,
        1
      ],
      "/home/ensign/Desktop/ParkingProject/Group8/config/initializers/backtrace_silencers.rb": [
        null,
        null,
        null,
        null,
        null,
        null,
        null
      ],
      "/home/ensign/Desktop/ParkingProject/Group8/config/initializers/cookies_serializer.rb": [
        null,
        null,
        1
      ],
      "/home/ensign/Desktop/ParkingProject/Group8/config/initializers/devise.rb": [
        null,
        null,
        1,
        null,
        null,
        null,
        null,
        null,
        null,
        null,
        null,
        null,
        null,
        null,
        1,
        null,
        null,
        null,
        null,
        null,
        null,
        null,
        null,
        null,
        null,
        null,
        1,
        null,
        null,
        null,
        null,
        null,
        null,
        null,
        null,
        null,
        null,
        null,
        null,
        null,
        null,
        null,
        null,
        null,
        null,
        null,
        null,
        null,
        1,
        null,
        null,
        null,
        null,
        1,
        null,
        null,
        null,
        null,
        null,
        null,
        null,
        null,
        null,
        null,
        null,
        null,
        null,
        null,
        null,
        null,
        null,
        null,
        null,
        null,
        null,
        null,
        null,
        null,
        null,
        null,
        null,
        null,
        null,
        null,
        1,
        null,
        null,
        null,
        null,
        null,
        null,
        null,
        null,
        null,
        null,
        null,
        null,
        null,
        null,
        null,
        null,
        null,
        null,
        null,
        null,
        null,
        null,
        1,
        null,
        null,
        null,
        null,
        null,
        null,
        null,
        null,
        null,
        null,
        null,
        null,
        null,
        null,
        null,
        null,
        null,
        null,
        null,
        null,
        null,
        null,
        null,
        null,
        null,
        null,
        null,
        1,
        null,
        null,
        null,
        null,
        null,
        null,
        null,
        null,
        null,
        1,
        null,
        null,
        null,
        null,
        null,
        null,
        null,
        null,
        null,
        null,
        1,
        null,
        null,
        null,
        null,
        1,
        null,
        null,
        null,
        null,
        null,
        null,
        null,
        null,
        null,
        null,
        null,
        null,
        null,
        null,
        null,
        null,
        null,
        null,
        null,
        null,
        null,
        null,
        null,
        null,
        null,
        null,
        null,
        null,
        null,
        null,
        null,
        null,
        null,
        null,
        null,
        null,
        null,
        null,
        null,
        null,
        1,
        null,
        null,
        null,
        null,
        null,
        null,
        null,
        null,
        null,
        null,
        null,
        null,
        null,
        null,
        null,
        null,
        null,
        null,
        null,
        null,
        null,
        null,
        null,
        null,
        null,
        null,
        null,
        null,
        null,
        null,
        null,
        null,
        null,
        null,
        null,
        null,
        null,
        null,
        null,
        null,
        null,
        1,
        null,
        null,
        null,
        null,
        null,
        null,
        null,
        null,
        null,
        null,
        null,
        null,
        null,
        null,
        null,
        null,
        null,
        null,
        null,
        null,
        null,
        null,
        null,
        null,
        null,
        null,
        null,
        null,
        null
      ],
      "/home/ensign/Desktop/ParkingProject/Group8/config/initializers/filter_parameter_logging.rb": [
        null,
        null,
        null,
        1
      ],
      "/home/ensign/Desktop/ParkingProject/Group8/config/initializers/inflections.rb": [
        null,
        null,
        null,
        null,
        null,
        null,
        null,
        null,
        null,
        null,
        null,
        null,
        null,
        null,
        null,
        null
      ],
      "/home/ensign/Desktop/ParkingProject/Group8/config/initializers/mailboxer.rb": [
        1,
        null,
        null,
        1,
        null,
        null,
        1,
        null,
        null,
        1,
        1,
        null,
        null,
        null,
        1,
        1,
        null,
        null,
        1,
        1,
        null
      ],
      "/home/ensign/Desktop/ParkingProject/Group8/config/initializers/mime_types.rb": [
        null,
        null,
        null,
        null
      ],
      "/home/ensign/Desktop/ParkingProject/Group8/config/initializers/session_store.rb": [
        null,
        null,
        1
      ],
      "/home/ensign/Desktop/ParkingProject/Group8/config/initializers/wrap_parameters.rb": [
        null,
        null,
        null,
        null,
        null,
        null,
        1,
        1,
        null,
        null,
        null,
        null,
        null,
        null
      ],
      "/home/ensign/Desktop/ParkingProject/Group8/spec/factories/parkingspots.rb": [
        1,
        1,
        1,
        1,
        1,
        1,
        1,
        null,
        1,
        1,
        1,
        null,
        null,
        null
      ],
      "/home/ensign/Desktop/ParkingProject/Group8/spec/factories/users.rb": [
        1,
        1,
        1,
        1,
        1,
        1,
        1,
        1,
        1,
        null,
        null
      ],
      "/home/ensign/Desktop/ParkingProject/Group8/spec/factories/welcomes.rb": [
        1,
        1,
        null,
        null,
        null
      ],
      "/home/ensign/Desktop/ParkingProject/Group8/config/routes.rb": [
        1,
        null,
        1,
        1,
        null,
        1,
        null,
        1,
        1,
        1,
        null,
        1,
        1,
        1,
        1,
        1,
        1,
        1,
        null,
        1,
        null,
        1,
        1,
        null,
        1,
        1,
        null,
        1,
        null,
        1,
        1,
        null,
        null,
        null,
        null,
        null,
        null,
        null,
        null,
        null,
        null,
        null,
        null,
        null,
        null,
        null,
        null,
        null,
        null,
        null,
        null,
        null,
        null,
        null,
        null,
        null,
        null,
        null,
        null,
        null,
        null,
        null,
        null,
        null,
        null,
        null,
        null,
        null,
        null,
        null,
        null,
        null,
        null,
        null,
        null,
        null,
        null,
        null,
        null,
        null,
        null,
        null,
        null,
        null,
        null,
        null,
        null
      ],
      "/home/ensign/Desktop/ParkingProject/Group8/app/models/user.rb": [
        null,
        1,
        null,
        null,
        1,
        null,
        null,
        1,
        null,
        1,
        0,
        null,
        null,
        1,
        2,
        0,
        null,
        null,
        1,
        null,
        1,
        1,
        1,
        null,
        null,
        null,
        null,
        null,
        1,
        1,
        null
      ],
      "/home/ensign/Desktop/ParkingProject/Group8/features/step_definitions/create_account_steps.rb": [
        1,
        1,
        null,
        null,
        1,
        1,
        1,
        1,
        1,
        1,
        null,
        null,
        1,
        1,
        null,
        null,
        1,
        1,
        1,
        1,
        1,
        null
      ],
      "/home/ensign/Desktop/ParkingProject/Group8/features/step_definitions/edit_account_steps.rb": [
        1,
        1,
        1,
        1,
        1,
        null,
        1,
        null,
        1,
        1,
        1,
        1,
        null,
        null,
        1,
        1,
        null,
        null,
        1,
        1,
        1,
        1,
        1,
        null,
        null,
        1,
        1,
        1,
        1,
        1,
        null,
        null,
        1,
        1,
        null,
        null,
        null,
        1,
        1,
        null,
        null,
        null,
        null,
        null,
        null,
        null,
        null,
        1,
        0,
        null,
        null,
        1,
        0,
        null
      ],
      "/home/ensign/Desktop/ParkingProject/Group8/features/step_definitions/failed_registration_steps.rb": [
        1,
        1,
        1,
        null,
        null,
        1,
        1,
        1,
        1,
        null,
        null,
        1,
        1,
        null,
        null,
        1,
        1,
        null
      ],
      "/home/ensign/Desktop/ParkingProject/Group8/features/step_definitions/messaging_sad_steps.rb": [
        1,
        1,
        null,
        null,
        1,
        1,
        1,
        null,
        null,
        1,
        0,
        null,
        null,
        1,
        1,
        null
      ],
      "/home/ensign/Desktop/ParkingProject/Group8/features/step_definitions/messaging_steps.rb": [
        1,
        1,
        1,
        1,
        1,
        null,
        null,
        1,
        1,
        1,
        null,
        null,
        1,
        2,
        null,
        null,
        1,
        1,
        null
      ],
      "/home/ensign/Desktop/ParkingProject/Group8/features/step_definitions/open_parking_spot_steps.rb": [
        1,
        1,
        1,
        null,
        1,
        null,
        null,
        null,
        1,
        1,
        1,
        null,
        null,
        1,
        1,
        1,
        1,
        1,
        null,
        null,
        1,
        1,
        1,
        1,
        1,
        1,
        1,
        1,
        null,
        null,
        1,
        1,
        null,
        null,
        1,
        1,
        1,
        null,
        null,
        null
      ],
      "/home/ensign/Desktop/ParkingProject/Group8/db/seeds.rb": [
        null,
        null,
        null,
        null,
        null,
        null,
        null,
        null,
        1,
        null,
        1,
        1,
        null,
        null,
        1,
        null,
        null,
        null,
        null,
        null,
        null,
        null,
        null,
        null,
        null,
        null,
        null,
        null,
        null,
        null,
        null,
        null,
        null,
        null,
        null,
        1,
        null,
        null,
        null,
        null,
        null,
        null,
        null,
        null,
        null,
        null,
        null,
        null,
        null,
        null,
        null,
        null,
        null,
        null,
        null,
        null,
        null,
        null,
        null,
        null,
        null,
        null,
        null,
        null,
        null,
        null,
        null,
        null,
        null,
        null,
        null,
        null,
        null,
        null,
        null,
        null,
        null,
        null,
        null,
        null,
        null,
        null,
        null,
        null,
        null,
        null,
        null,
        null,
        null,
        null,
        null,
        null,
        null,
        null,
        null,
        null,
        null,
        null,
        null,
        null,
        null,
        null,
        null,
        null,
        null,
        null,
        null,
        null,
        null,
        null,
        null,
        null,
        null,
        null,
        null,
        null,
        null,
        null,
        null,
        null,
        null,
        null,
        null,
        null,
        null,
        null,
        null,
        null,
        null,
        null,
        null,
        null,
        null,
        null,
        null,
        null,
        null,
        null,
        null,
        null,
        null,
        null,
        null,
        null,
        1,
        null,
        null,
        1,
        40,
        null,
        null,
        1,
        15,
        null
      ],
      "/home/ensign/Desktop/ParkingProject/Group8/app/models/parkinglot.rb": [
        null,
        1,
        1,
        null
      ],
      "/home/ensign/Desktop/ParkingProject/Group8/app/models/parkingspot.rb": [
        null,
        1,
        1,
        1,
        null,
        1,
        1,
        null,
        null,
        null,
        null,
        1,
        null,
        null,
        null
      ],
      "/home/ensign/Desktop/ParkingProject/Group8/features/step_definitions/parking_lot_steps.rb": [
        1,
        null,
        1,
        1,
        null,
        null,
        1,
        1,
        1,
        null,
        null,
        1,
        1,
        1,
        null
      ],
      "/home/ensign/Desktop/ParkingProject/Group8/features/step_definitions/reserved_parking_spot_steps.rb": [
        1,
        1,
        null,
        null,
        1,
        1,
        null,
        null,
        1,
        1,
        5,
        null,
        1,
        null,
        null,
        1,
        1,
        null,
        null,
        null
      ],
      "/home/ensign/Desktop/ParkingProject/Group8/features/step_definitions/self_message_steps.rb": [
        1,
        1,
        1,
        1,
        1,
        null,
        1,
        null,
        null,
        1,
        1,
        null,
        null,
        1,
        1,
        1,
        null,
        null,
        1,
        1,
        null,
        null,
        1,
        1,
        1,
        1,
        null
      ],
      "/home/ensign/Desktop/ParkingProject/Group8/features/step_definitions/send_message_invalid_user_steps.rb": [
        1,
        1,
        1,
        1,
        1,
        null,
        1,
        null,
        null,
        1,
        1,
        1,
        1,
        1,
        null,
        null,
        1,
        1,
        null
      ],
      "/home/ensign/Desktop/ParkingProject/Group8/features/step_definitions/user_login_steps.rb": [
        1,
        1,
        null,
        null,
        1,
        1,
        1,
        null,
        null,
        1,
        1,
        1,
        1,
        1,
        1,
        1,
        null
      ],
      "/home/ensign/Desktop/ParkingProject/Group8/features/step_definitions/user_signup_form_steps.rb": [
        1,
        1,
        null,
        null,
        1,
        1,
        null,
        null,
        null,
        1,
        1,
        null,
        null,
        1,
        1,
        1,
        1,
        1,
        1,
        null
      ],
      "/home/ensign/Desktop/ParkingProject/Group8/features/step_definitions/view_account_steps.rb": [
        1,
        1,
        null,
        null,
        1,
        1,
        1,
        1,
        1,
        1,
        null,
        null,
        1,
        1,
        1,
        1,
        null
      ],
      "/home/ensign/Desktop/ParkingProject/Group8/features/step_definitions/welcome_steps.rb": [
        1,
        null,
        null,
        null,
        1,
        1,
        null,
        null,
        1,
        1,
        null,
        null
      ],
      "/home/ensign/Desktop/ParkingProject/Group8/app/controllers/application_controller.rb": [
        null,
        1,
        null,
        null,
        1,
        null,
        null,
        1,
        null,
        1,
        1,
        null,
        24,
        24,
        null,
        null,
        null
      ],
      "/home/ensign/Desktop/ParkingProject/Group8/app/helpers/application_helper.rb": [
        null,
        1,
        null
      ],
      "/home/ensign/Desktop/ParkingProject/Group8/app/helpers/message_helper.rb": [
        null,
        1,
        null
      ],
      "/home/ensign/Desktop/ParkingProject/Group8/app/helpers/parkinglot_helper.rb": [
        null,
        1,
        null
      ],
      "/home/ensign/Desktop/ParkingProject/Group8/app/helpers/parkingspot_helper.rb": [
        null,
        1,
        null
      ],
      "/home/ensign/Desktop/ParkingProject/Group8/app/helpers/stats_helper.rb": [
        null,
        1,
        null
      ],
      "/home/ensign/Desktop/ParkingProject/Group8/app/helpers/users_helper.rb": [
        null,
        1,
        null
      ],
      "/home/ensign/Desktop/ParkingProject/Group8/app/controllers/welcome_controller.rb": [
        null,
        1,
        1,
        null,
        null
      ],
      "/home/ensign/Desktop/ParkingProject/Group8/app/controllers/user_controller.rb": [
        null,
        1,
        null,
        1,
        1,
        null,
        null,
        null,
        null,
        1,
        10,
        null,
        null,
        null
      ],
      "/home/ensign/Desktop/ParkingProject/Group8/app/controllers/parkingspot_controller.rb": [
        null,
        1,
        1,
        7,
        7,
        7,
        7,
        2,
        null,
        7,
        null,
        null,
        1,
        1,
        1,
        1,
        1,
        null,
        1,
        1,
        1,
        1,
        null,
        null,
        1,
        null,
        1,
        1,
        1,
        null,
        1,
        null,
        null,
        0,
        0,
        0,
        null,
        null,
        0,
        null,
        null,
        null,
        0,
        0,
        0,
        null,
        0,
        null,
        null,
        null,
        0,
        0,
        0,
        null,
        0,
        null,
        null,
        null,
        0,
        null,
        null,
        null,
        null,
        1,
        1,
        1,
        null,
        null,
        1,
        null,
        null,
        null,
        null
      ],
      "/home/ensign/Desktop/ParkingProject/Group8/app/controllers/message_controller.rb": [
        null,
        1,
        1,
        1,
        null,
        1,
        null,
        null,
        2,
        2,
        null,
        null,
        null,
        null,
        null,
        null,
        null,
        null,
        null,
        1,
        0,
        0,
        0,
        null,
        null,
        null,
        1,
        2,
        2,
        2,
        null,
        2,
        1,
        null,
        2,
        2,
        null,
        2,
        1,
        null,
        0,
        null,
        0,
        null,
        null,
        1,
        1,
        1,
        1,
        null,
        null,
        1,
        null,
        null,
        null,
        1,
        null,
        null,
        1,
        0,
        null,
        null,
        null,
        1,
        0,
        0,
        0,
        0,
        0,
        null,
        null,
        1,
        0,
        0,
        0,
        0,
        null,
        null,
        1,
        null,
        null
      ],
      "/home/ensign/Desktop/ParkingProject/Group8/app/controllers/parkinglot_controller.rb": [
        null,
        1,
        1,
        4,
        4,
        null,
        null
      ]
    },
    "timestamp": 1480543088
  }
}
